rbdw = {0.0009621025351768225, 0.00017801780248698625, 
     0.00016368195959699816, 0.0002979147375666801, 0.0001095498759708348, 
     0.00006766357244354067, 0.000020129726737404715, 
     0.000051931451793746675, 0.000013870690462632964, 0.0006379794057595501, 
     0.0005069220810755956, 0.00016363273878660796, 0.0006727418390245268, 
     0.00048055144760907406, 0.00015552313838706474, 0.0013353982051523246, 
     0.00003584653192431716, 0.0087551781167586, 0.00007605332170094694, 
     0.0010545870357500857, 0.000014601820839201971, 0.00008485073574833628, 
     0.00042134479928341017, 0.00017721182199709543, 0.0021289435002412533, 
     0.00002149058190948975, 0.0021710825840644725, 0.00036189371098641, 
     0.000025247535154302123, 0.00003130436912309013, 0.0012604482796118636, 
     0.00428142704010828, 0.0000467412767666932, 0.0001475325484715265, 
     0.0004211356798927408, 0.0008408121333176366, 0.00010668587093754935, 
     0.00004806720359904377, 0.00008873051434666807, 0.00003680276780220934, 
     0.00017840237722252075, 0.0001183168344611338, 0.00009636743450959457, 
     0.0006717331825012384, 0.00020098840403865638, 0.00005401776607387591, 
     0.0000535834579137207, 0.00025839221742715525, 0.00006592970723198714, 
     0.000022674962735831885, 0.002932703717859152, 0.0000343997020410816, 
     0.0003041171891486446, 0.00010993104396609855, 0.000038715270637403504, 
     0.00003350080643235827, 0.0011996701855188292, 0.000017422439813224936, 
     0.0006718926410551507, 0.000040614333393695065, 0.00012182891576206983, 
     0.000018574800822165666, 0.0005718694511587711, 0.00004208813125007232, 
     0.00003631938408346958, 0.0005079360130247759, 0.00004991665134331846, 
     0.005461422470463404, 0.00022320119257755998, 0.00005330125363858641, 
     0.00010282428661040409, 0.0005960624959960613, 0.000042871913493898834, 
     0.00015531226390333417, 0.000016384254218526114, 0.0008308847613485728, 
     0.000017956240375970592, 0.0005305267187116308, 0.00030677885444296084, 
     0.0020697019818688507, 0.0007051689779992045, 0.0009585756929575396, 
     0.0014592138400787299, 0.00008274427741200967, 0.0002504556362336402, 
     0.00015004466898795735, 0.0001336556753500068, 0.0007408989206752651, 
     0.0001543410477653973, 0.00009400140193621728, 0.00010291062993822168, 
     0.0001452597689640891, 0.0002443868733475614, 0.0001003730544798666, 
     0.0014289061237031941, 0.0005923536753565275, 0.000014375849901933035, 
     0.000031469754093561954, 0.000022225241876444985, 
     0.00001273928117872871, 0.00035720445392380834, 0.0006838480060416483, 
     0.00022003008669012144, 0.000288088655899161, 0.0006656749391694643, 
     0.00034687035847488063, 0.0003527902334882929, 0.00007523126719299654, 
     0.00018153623403092245, 0.003343175511765064, 0.000020841482998170118, 
     0.002583487507344145, 0.00023868972542759448, 0.000024706438685966934, 
     0.0010732230471708144, 0.0001271613103968205, 0.036048945614910614, 
     0.0004466906072236153, 0.00007730638557925743, 0.000024582415150758564, 
     0.00023787484964541049, 0.0003259174899117064, 0.0002350956012158763, 
     0.00006221687289461698, 0.00003955042444388028, 0.00003084723774292547, 
     0.0009894063581178069, 0.00005131532317686715, 0.000013410250625061656, 
     0.00009605287500270439, 0.00020784918210320222, 0.00010847535563699997, 
     0.0005003831755307864, 0.0000388627616718546, 0.001726646923776159, 
     0.0001023172513694222, 0.0003745910955300627, 0.00012963421750341195, 
     0.000724856295220075, 0.00007676665702096852, 0.000023561373318433475, 
     0.000822092227176491, 0.00009690581549314644, 0.0001375421302778286, 
     0.00007802724391111418, 0.000012645972667267034, 0.00013162624532287514, 
     0.0013632352588907363, 0.00008578023422379111, 0.000011371910561366284, 
     0.00022052313018137276, 0.00011436097584899254, 0.00003933651554041904, 
     0.00015077703935096213, 0.000051190979976354306, 0.0001594908289873977, 
     0.00001397831232055264, 0.000025793940199852023, 0.00008625191016442305, 
     0.00021981708045834853, 0.00022865276526700981, 0.00008121686880869982, 
     0.00035965758243402613, 0.00017639544752337457, 0.00025048195031387836, 
     0.00008854260290224085, 0.000012215781038077579, 0.000624790401698812, 
     0.0018023013300315798, 0.0002400231803859012, 0.0004021529811590794, 
     0.00021282832098415435, 0.0033391833055190926, 0.001970808229096448, 
     0.00010339710264954063, 0.0006526556568587366, 0.00003924954484861852, 
     0.017464148909744466, 0.00005924414831286732, 0.00040896429381055596, 
     0.00011911923454662813, 0.00021205581973957884, 0.000042468078051476456, 
     0.00014778400655468193, 0.00002129664449063235, 0.0007156521067254284, 
     0.000016926698883699133, 0.00003013834286856049, 0.00006040614391670564, 
     0.00017945764926002508, 0.009905139538150183, 0.00008959661354532766, 
     0.000013775734474576974, 0.00019008847826910288, 0.0030419315274177084, 
     0.0000970301587619695, 0.00004642635953135693, 0.00030137228504291326, 
     0.021306179441465737, 0.00257105052081006, 0.00009322655696882531, 
     0.00005000744469018993, 0.000025534715592344247, 0.0000519301530301684, 
     0.00016507848445471016, 0.000036909864992249345, 0.0000640036552031358, 
     0.000028244304935626157, 0.000023717060289055778, 0.00019615476174691, 
     0.0002323456609467748, 0.00008450687924951493, 0.00029704212638912976, 
     0.00016509090098916482, 0.003805278893135693, 0.0007247247971088301, 
     0.007126674553027678, 0.0001434754447197351, 0.000024141188140392112, 
     0.00011509059639228428, 0.0003010960713323403, 0.000416988016606704, 
     0.00009545053355723032, 0.00008590813980078288, 0.00019991293696389108, 
     0.00015952844631953616, 0.00012327026388002192, 0.0012518219792498697, 
     0.000031137392148980975, 0.00001405496916549807, 0.0002800225036360384, 
     0.00026612804326417634, 0.000015976563922929072, 0.0005667979264243031, 
     0.00007966141962513304, 0.00024481347647093413, 0.00033857491345455436, 
     0.0018676605827168868, 0.0006704082604740519, 0.00047464494588679796, 
     0.0006028293028223212, 0.00009776406421046715, 0.00035720692949606946, 
     0.03211713812162065, 0.0014801500844222732, 0.00128933280807568, 
     0.0009237352094414107, 0.00001660637627076668, 0.0025653359414066043, 
     0.0000396811111642751, 0.000016840118388400704, 0.00009378200555166833, 
     0.0002278289901629173, 0.000037584916765642165, 0.000026494953308377816, 
     0.00006490076228455409, 0.00018785051250626023, 0.00006157351003032555, 
     0.0001986380305254809, 0.00029343227236131573, 0.000050059119621582106, 
     0.0002527558842108519, 0.0023696644567854294, 0.0003286620362101584, 
     0.0008541354257123285, 0.000049699900887536973, 0.00008386930418589728, 
     0.0010873775127901056, 0.00008388071013469493, 0.00045809344260346643, 
     0.002321407791008294, 0.0001110500129866616, 0.000053479627079445276, 
     0.00004117167460818595, 0.00025755056586789405, 0.00007237655525267016, 
     0.000023301559359538884, 0.0004970996049081183, 0.0001920774088275499, 
     0.00048051835019616675, 0.004768713192784627, 0.002338336561048561, 
     0.00046002376612301, 0.00030492112633073666, 0.000012739199120873291, 
     0.0022066209415249503, 0.000016293662703916454, 0.00004471346250671043, 
     0.000030786587844490966, 0.000051836584653856344, 
     0.00021714898097332955, 0.0003756087657662071, 0.00024015816050762875, 
     0.00015705507270935432, 0.0009422198158659294, 0.00007459637508188558, 
     0.00002518234777921285, 0.00048197143889450617, 0.0003368587075777089, 
     0.00016401392209001048, 0.0002266277931496193, 0.0003201896266480533, 
     0.0008265677754896061, 0.0000738602348859955, 0.00019560798628919359, 
     0.0005611383551375029, 0.0001831284977653238, 0.0012084705059887371, 
     0.0003193021886301878, 0.00001732209568812569, 0.00018992005417070405, 
     0.00015606636122662165, 0.003632871276813358, 0.00002210317867890371, 
     0.00008366588945135616, 0.000040263948411026265, 0.0005823527692505317, 
     0.00007267936279026861, 0.00047313828085417993, 0.00017998851922562892, 
     0.0010191175635138126, 0.0005100913912952845, 0.0010485857687849937, 
     0.00011316783556077759, 0.0005776330628700747, 0.000060199471867478865, 
     0.0001262973560603465, 0.000026713110800884845, 0.0011265518794308523, 
     0.0011681767084114401, 0.00048294254698668786, 0.00006570240450400405, 
     0.00013104555897188236, 0.00009464552392025545, 0.00021830244402911206, 
     0.0038307395232399194, 0.000036755660536580087, 0.000021693537303430335, 
     0.0008018247574417379, 0.000029249598865286707, 0.000019692504175786, 
     0.000029611281654444998, 0.00017790380355673667, 0.00009010688649336267, 
     0.00001017812044975712, 0.000044222484710554217, 0.00007819488378073108, 
     0.00022811980449314947, 0.00037441084711796187, 0.0001262548809951167, 
     0.000021972964892880445, 0.00043082046488460336, 
     0.000030312645704924947, 0.000034981064729871985, 0.00015153372377907, 
     0.000012691205519871942, 0.002793233958472437, 0.000019229168033595713, 
     0.000013961952475907818, 0.0008538958905947422, 0.00004895410325880153, 
     0.0000200072832870836, 0.000044740054933564955, 0.00023752341487869196, 
     0.00001368710982972462, 0.006693416962908313, 0.000017173051647152565, 
     0.0013877045339054683, 0.0005565495972526176, 0.000594662137075697, 
     0.0002756863223636602, 0.002326695747095272, 0.0001307919886942743, 
     0.0000360505211605991, 0.00001768877801706706, 0.00003468037687299944, 
     0.00015324409317706095, 0.00003624746008941381, 0.000022126157567512377, 
     0.000509388966533077, 0.000017378420018184406, 0.000023786362239934265, 
     0.00022955023688902464, 0.0011297407895544931, 0.0010931121270619088, 
     0.00003140444053648744, 0.00003410630485865301, 0.00003275307947601558, 
     0.00033680810400707516, 0.00015868245551353176, 0.00012817022183073354, 
     0.000016848598956069887, 0.0011858870287673059, 0.0007292705487900279, 
     0.0009509640869439775, 0.00005937666043764493, 0.0009339296553052126, 
     0.00004456025119900164, 0.0008971214144003327, 0.0000339685306332095, 
     0.0005371170542013281, 0.0007666833559076935, 0.00021048127875248417, 
     0.00003109751460850068, 0.00007733918622057112, 0.0006436078569554704, 
     0.0009413828870837392, 0.00009931725958744439, 0.003105729291956173, 
     0.00003992529013767073, 0.00008065332898432022, 0.00002030530853862877, 
     0.00010223693609664871, 0.0000314325313599146, 0.00013835944494441392, 
     0.00001176724069594007, 0.0025890966509846906, 0.0005216873951762767, 
     0.001371441315641131, 0.00002409580039616038, 0.0010670856520707073, 
     0.0003344100908834076, 0.015526402065406909, 0.0002889005786051779, 
     0.00013200227545965196, 0.0007592147211560919, 0.00020627282450129262, 
     0.00027586212123211954, 0.00008412400774832826, 0.000012068902100130703, 
     0.0000630851466824245, 0.00011900977271822858, 0.00003175857844507227, 
     0.00029533260885688004, 0.0017087719739207947, 0.0002816744450693279, 
     0.0018504801629606541, 0.000156730399673504, 0.00004663884545206871, 
     0.0014597441191536089, 0.00024567080419516323, 0.0003862264547010126, 
     0.0000770008540149098, 0.0009893390161873964, 0.000015851727468899567, 
     0.00024129377010737016, 0.000012742296522615872, 0.0003900247035922523, 
     0.000024924296850557912, 0.00029396854886072865, 0.00011673090605470705, 
     0.0024936246977523063, 0.0000737395560591617, 0.00003420494360796776, 
     0.0001262732441702947, 0.000625802169994977, 0.00032353564108387735, 
     0.00014388113752751027, 0.00018974318159374466, 0.00012561565412257372, 
     0.00017938007671459532, 0.0011878868837958926, 0.00003660113655599398, 
     0.0019633159504925386, 0.003210096447344171, 0.00004069644687790057, 
     0.005113255785288594, 0.000021122876765056006, 0.0001446490489076468, 
     0.0006607640098481888, 0.0001335493352702699, 0.0016284243332540856, 
     0.0010173918351844857, 0.00002606873673047173, 0.0017606059904949258, 
     0.000021032493786451877, 0.00013124075166810918, 0.00012718849083874818, 
     0.0002346701578083306, 0.0016478349524165325, 0.00024362718739148265, 
     0.00005408140797301594, 0.000285517023049509, 0.000028249314400181582, 
     0.0008401152415084711, 0.0012519206361070229, 0.000400872473169235, 
     0.00011416956743243887, 0.0012290226117490258, 0.00013104870484231782, 
     0.001099915459661419, 0.000037383021877283145, 0.04659406856951303, 
     0.000014854860023310809, 0.0003443955417206435, 0.000056197569057755735, 
     0.00004784914734301441, 0.0008501517621225739, 0.0004150130592783584, 
     0.00027363344756997063, 0.00001885184512951692, 0.00007285015374193572, 
     0.0021010866998460802, 0.00005921704953756942, 0.0003974451143678075, 
     0.00016144485909692227, 0.00004522830665190782, 0.00003546850969028181, 
     0.000013654066852789082, 0.00028153932419626226, 0.00003757774342966267, 
     0.000137777428532656, 0.00006498535850085513, 0.000026139189245757857, 
     0.00004036550841865387, 0.000011683833429615882, 0.0001849697246419368, 
     0.0010604952476828446, 0.0005942753609815645, 0.00007316877184332303, 
     0.00031103378036506966, 0.000369859035830287, 0.000025596384202218458, 
     0.0003933498834248431, 0.00357729176058113, 0.0006967418323460011, 
     0.0000930319014923576, 0.0002617502026324383, 0.00002995961411537513, 
     0.000521773852251506, 0.00012001433378209697, 0.0000758622821895499, 
     0.00003416307555482043, 0.0001626599247593767, 0.004005214959187702, 
     0.000024469825520885424, 0.00011798332149052753, 0.00013763692634061964, 
     0.00016372893071164854, 0.00005365407900109366, 0.00011493228197284049, 
     0.00004208274927138934, 0.00012734432980058842, 0.00023905228978863486, 
     0.0005273797156848199, 0.004188391525276592, 0.0008184125563299869, 
     0.0003454736577766732, 0.000035615531821576175, 0.0007062345112786841, 
     0.00016432113723797713, 0.00022808921861692613, 0.0027005495351110813, 
     0.00004546112225067171, 0.0000903109549732337, 0.00008954301878998506, 
     0.000060121430687297975, 0.00016882038217636925, 
     0.000032791787954076524, 0.00021157651057119534, 0.00139944374221332, 
     0.00010712393225591667, 0.0000979291814998504, 0.0005246106611825947, 
     0.00022987625073570936, 0.00008263107867752976, 0.00010821876686373988, 
     0.00025376548664973313, 0.000013463713289266725, 0.00030805970356869507, 
     0.0004300274323575926, 0.009983423348506696, 0.00011555031056721588, 
     0.00034748759997638276, 0.00046456540236811616, 0.0005844859858023363, 
     0.0013877255903103692, 0.00007026453748231305, 0.00007172812391576047, 
     0.00044555997886417526, 0.00003811644785212797, 0.0002738894397404252, 
     0.00009459271676748756, 0.000015813314432136872, 0.00011831042080993004, 
     0.00019563341262151713, 0.0011111738807074978, 0.00007345758270869895, 
     0.0008948826321952477, 0.007970199158940365, 0.00019306078843894076, 
     0.00006408693865960859, 0.0004597977412664837, 0.0037573342969574133, 
     0.004341854969408687, 0.00007222886646687174, 0.00024457332665896034, 
     0.000737081039915022, 0.0024620008827044883, 0.0017452409060912488, 
     0.0005423285339015732, 0.00016994328460421748, 0.00001466461228734342, 
     0.01424495285870631, 0.0000924275536368028, 0.000020602723644029678, 
     0.000776326341009653, 0.00028079594917824395, 0.00005357769692257678, 
     0.00011363374310105138, 0.000028711522885842812, 0.0006370891028645868, 
     0.00006579652724219805, 0.00040356100370783654, 0.0030899163297761303, 
     0.0010286551544403226, 0.0009125369017887964, 0.000019223556707694767, 
     0.00003772797965634203, 0.00008063594883959648, 0.000024596938887962324, 
     0.003320587885628554, 0.00008747387850975685, 0.000014514438001144396, 
     0.00007524076184511014, 0.00004454174882960585, 0.000856200472274952, 
     0.0000264209459149654, 0.00006954760474631992, 0.0008785517131188155, 
     0.00029167522626145367, 0.00001612306979944885, 0.0001003521784831244, 
     0.00011138135869572893, 0.00006800641100889037, 0.00004519123415637947, 
     0.0009355183686434138, 0.000449827597690938, 0.000018252014831624377, 
     0.00008194410418658507, 0.00012031779789272252, 0.00008275777891800248, 
     0.00010530558724040026, 0.000054280786868750003, 
     0.000030292350585890973, 0.00012808144583328034, 0.0001699764354467949, 
     0.000427180218032999, 0.0010801932056007622, 0.00021569168267586837, 
     0.0001904483820619784, 0.00105112982411621, 0.000079609892180161, 
     0.00004233827439837373, 0.00004057503995901448, 0.000015863663200521715, 
     0.00740809484583691, 0.00004415420791921775, 0.0001284959657199126, 
     0.0003257984615877581, 0.00007430433087505911, 0.000020028525112892715, 
     0.0001641056090294915, 0.0022635707874258033, 0.00002302805073988296, 
     0.003049573852041494, 0.000023251717746510058, 0.00011782134697018493, 
     0.000259127875899793, 0.00230719308311341, 0.0005160245065676166, 
     0.00006949696984403894, 0.0008419792151334382, 0.000060871661480001735, 
     0.0024544355590888204, 0.00006637192743073943, 0.00026037263087423505, 
     0.002018970869285048, 0.00023281657622160995, 0.00009361750153399982, 
     0.00018405194221453276, 0.002519056529033439, 0.00011063143000096849, 
     0.00022723988786204632, 0.00003895664533867701, 0.00016454640086109384, 
     0.0003853471851706512, 0.00019763419700292797, 0.000011305068092194627, 
     0.00007478745834705199, 0.000020231003038008982, 0.0020298029234984676, 
     0.00037620950504530144, 0.002870350629526518, 0.00015507599538151442, 
     0.000022520460414604386, 0.00042214579345020275, 0.000738704295135107, 
     0.007724040964393588, 0.0024531975254334045, 0.00005297838603683462, 
     0.0005237485741022219, 0.00025987745747426723, 0.000013499397869350993, 
     0.00003903265982091591, 0.000017578022746963167, 0.00006273131991159993, 
     0.00032286602103766244, 0.0010270776337672504, 0.0002010049346991467, 
     0.000032744462487464, 0.00042037084063786313, 0.00021880027651818162, 
     0.00012724385983285452, 0.00006754526103999167, 0.00023203312101665246, 
     0.0005952890310091132, 0.00010562552230779477, 0.00011892498850369326, 
     0.00020208121986326372, 0.00003052372101454964, 0.00004140354640420906, 
     0.00004091186879362216, 0.001595581930383043, 0.000013997888603556893, 
     0.0006710774822826479, 0.00009510933381368207, 0.004361121538302303, 
     0.00008463452567171605, 0.00016896212868151083, 0.00007932196671884225, 
     0.00003377589174153511, 0.00008128909241090903, 0.000028382702083484195, 
     0.0001335050726503849, 0.00039710902836708427, 0.000026544695447896697, 
     0.0005847352536365618, 0.00011183840542123349, 0.00011703666820265127, 
     0.0004353816239181167, 0.00006481689986786769, 0.0027182760142571167, 
     0.0017316499418061828, 0.00006955513658687661, 0.0003026285594032409, 
     0.0003106531025051998, 0.00022545665703712695, 0.0008278571970777316, 
     0.0004952273057296933, 0.0004298349009437015, 0.0003066872560736397, 
     0.00012755824439858183, 0.0002421912584413606, 0.00004080689579257617, 
     0.00013054492821835633, 0.000014017425381162433, 0.0007246915446218117, 
     0.0025991899540156378, 0.00010388662566233656, 0.00015254913741724775, 
     0.00011983842844763886, 0.000049591191033132896, 0.00018476097328189178, 
     0.00014912937707111282, 0.0009649684947514618, 0.000023079656884982407, 
     0.0005311984138212885, 0.00011124486954959434, 0.0006426938855645075, 
     0.00032531527783202465, 0.001115792890993135, 0.000018920956057926693, 
     0.00001638664975937671, 0.0003762620897089409, 0.00010532549927465656, 
     0.0004418751736170557, 0.00006197946440715543, 0.000049343835553054336, 
     0.000050847913874909696, 0.0005223993489880563, 0.00003062051226662594, 
     0.0001619508778510195, 0.0002595146982927237, 0.0006890979574108342, 
     0.005478991340802066, 0.0010310784636489024, 0.00020237923377036999, 
     0.026015434755246182, 0.0006377307691660224, 0.00015508679884475093, 
     0.00012038156238037878, 0.0006668325998682285, 0.0007556007272390624, 
     0.00003567580958478995, 0.0004039258450737137, 0.000026326234641421075, 
     0.00022455997102594508, 0.00032916879435095124, 0.004490461666748832, 
     0.00014470055049256017, 0.0008273004468739668, 0.00036556310216644404, 
     0.00006983399689205848, 0.000047151839934910194, 0.0001684225387683913, 
     0.00002457730669372887, 0.00027147919745587726, 0.0026229874529290283, 
     0.00025724243300741945, 0.00028878510060968894, 0.00014169477942923165, 
     0.00004606106944736462, 0.00008512904570453837, 0.0003931243993081147, 
     0.000019884174670457953, 0.000205455861493624, 0.00005612291562748006, 
     0.000020517978163694262, 0.0035993747681111613, 0.003121183536265865, 
     0.00017622741761597212, 0.00018987932242020938, 0.00024284112121508307, 
     0.0001162812418464512, 0.00002222807754177748, 0.0009518364117694707, 
     0.0011588244579661124, 0.00027267516221590184, 0.000013397717960264205, 
     0.0012818271697086043, 0.000018320534034749318, 0.000046202384949118665, 
     0.00014314415718371876, 0.000018982565007051046, 0.00006387679872414334, 
     0.00012186294251317258, 0.0008556312424246803, 0.0001526263519083803, 
     0.0002738729705394464, 0.00007020545047952255, 0.003262604144020506, 
     0.0031924096675139913, 0.00047897028825175314, 0.00021163779945830515, 
     0.000016505653506038098, 0.00012822183183442608, 0.00001892932788286106, 
     0.00002829974021288331, 0.00017657032213637405, 0.002204842526744223, 
     0.000082432416478147, 0.0037304998982802136, 0.00006710552004800042, 
     0.00014950749236855538, 0.00011358231581539814, 0.000044409522505157164, 
     0.000020966362343764756, 0.0002975827480697972, 0.00008770309954437354, 
     0.000012838806141446589, 0.00026995746210594995, 0.00036131399641325604, 
     0.00009446603315076887, 0.00047834491140924035, 0.0011530985005542773, 
     0.0002926091260666264, 0.00006574716643151552, 0.00010708611073015006, 
     0.00001061967637515232, 0.0008544243997375834, 0.000028857261510418065, 
     0.00043500690101212216, 0.0006731511556306853, 0.004292810726736202, 
     0.00021936482234534248, 0.00004295147616220469, 0.000040296392021754483, 
     0.00008928452694225893, 0.0000708586992074059, 0.0005863434376742167, 
     0.000552332746072989, 0.000050370590086998674, 0.00027297818533535736, 
     0.00224998470508363, 0.000022906470142205556, 0.0007282037621681658, 
     0.0000912880440174215, 0.00006592132402291539, 0.00010769026032136803, 
     0.00019460145937669218, 0.0008701607682471798, 0.0002941721715600897, 
     0.00003715776770510596, 0.00004673613287921968, 0.0005210730917786936, 
     0.000014939255896606294, 0.00026701478277883935, 0.00019289783919208524, 
     0.002663029821617092, 0.000050769731703524235, 0.00003452546473952383, 
     0.00578029384189389, 0.000049039659367902295, 0.00005033148055551246, 
     0.00001645775383004716, 0.00004825028153411761, 0.00043780115639893566, 
     0.0027363366635372102, 0.0003479591685561271, 0.00047000176739132757, 
     0.00046568505645199686, 0.0006487011976064417, 0.000023509932351402407, 
     0.00007647722990941024, 0.000037623273997677095, 
     0.000024792845259019478, 0.000147015800091746, 0.00025027003440458847, 
     0.0000479684763318996, 0.00008654769473906216, 0.000024468891766273378, 
     0.0011854059870590103, 0.00021041619613189612, 0.0001707849388804381, 
     0.00003945831748728908, 0.0000415359232958573, 0.00024112614859559666, 
     0.000020703257144463845, 0.00003790927838346873, 0.0010005574103169618, 
     0.00021722953236265316, 0.00003919633739821343, 0.00006117604893609584, 
     0.0008666913660031776, 0.0013311569955429408, 0.0002565604108230543, 
     0.000051069996543539565, 0.00007630543746887552, 0.00013869625048985193, 
     0.0008854994152849441, 0.0001361889336436093, 0.013367762928370235, 
     0.000042401930417253275, 0.00001851687764267371, 0.0006011554352806758, 
     0.000050363982266932965, 0.0007819585160534066, 0.000880259864614469, 
     0.001504849709356064, 0.005958799270121643, 0.00015046343292264485, 
     0.0005989578233557948, 0.00004916195569142909, 0.014111236010870802, 
     0.00009596359495627664, 0.0013913735232450168, 0.00020377394672474886, 
     0.000027740035153469188, 0.00032469923930903864, 0.00014476059143194448, 
     0.000111356607062418, 0.001157707971715312, 0.00015893465479352036, 
     0.0001790764614479193, 0.000525569464035897, 0.0017531811127027845, 
     0.0007852608676188988, 0.0007236112462261535, 0.0009473745780284803, 
     0.0012361213983027354, 0.00012910800643990022, 0.00003144500522807115, 
     0.00007325882719096433, 0.000041297624756891296, 0.00013324370217509662, 
     0.00008363130542357722, 0.000028915149596737057, 0.00025841803061387223, 
     0.0009277467182638737, 0.00001893411824944181, 0.00006894305686249866, 
     0.00011757228196212223, 0.000644712154190291, 0.00034554435825202303, 
     0.00009369751850209551, 0.0014699428221313573, 0.00011782923581377108, 
     0.0001258739649379098, 0.000038876205839841454, 0.000012921609965602472, 
     0.000023129044000823376, 0.0007289029098152032, 0.0005399440604570987, 
     0.0024954464913328625, 0.00023777509220792055, 0.00001936442149984461, 
     0.000011383383514937712, 0.0013418892742507998, 0.00010814504213146223, 
     0.00003965072633852749, 0.00014883991812035695, 0.00015173014611305345, 
     0.0008874610335413187, 0.0011267669315075915, 0.001447870224692181, 
     0.0002475490450642851, 0.0016967704164017952, 0.0010104333503767678, 
     0.0001131996198128719, 0.0007084446951922376, 0.0002523184060707768, 
     0.000621719027054125, 0.00028637533142169636, 0.0005432105959499329, 
     0.00001785288899160232, 0.0003611013323916321, 0.00003074054877250003, 
     0.00006452646215831097, 0.00004478184353660082, 0.000016456919556629555, 
     0.13379802902253932, 0.000075729742631195, 0.00007916561449592834, 
     0.000015712846839705427, 0.00008277037793563114, 0.0003718495638597056, 
     0.017766036610979193, 0.00007193277682646814, 0.00041922250325372593, 
     0.0007797566380661951, 0.00029140372343331003, 0.00009329967476287566, 
     0.00013327020680772392, 0.000030675248126068384, 0.00005713739489312115, 
     0.0007041409065432691, 0.0004471295189790513, 0.00006590655221684712, 
     0.0005242463021245188, 0.00010837247036281362, 0.000016103155096038173, 
     0.00071688438309412, 0.0004312438303158087, 0.0003019265511703683, 
     0.00003106618273092186, 0.00015345805776641666, 0.00003300973976608035, 
     0.00003915354995870856, 0.000034721685320006244, 0.0005141469045819663, 
     0.0003103889455305122, 0.0035460696796714, 0.00003272645786877236, 
     0.004350710556812122, 0.000015285142941051922, 0.00005037424586552057, 
     0.00020314964152097227, 0.00002052983113234636, 0.000022886520531393404, 
     0.0008316748826111981, 0.00005597484900540623, 0.00005893096893243588, 
     0.0001023095676284794, 0.000051215631771886525, 0.000023723376214929398, 
     0.00005330445509532575, 0.000666773926256836, 0.00016800008139813784, 
     0.001979012587705952, 0.0020440812202422915, 0.00003786169502834916, 
     0.00034732630767569353, 0.003804017958078514, 0.00002788081839551703, 
     0.00034198708001380247, 0.00004712565273799629, 0.000055023292784019744, 
     0.0005825962743707236, 0.000037037164866939604, 0.00011395098968861609, 
     0.00010750055093858937, 0.000021516054636776923, 
     0.000040500053809285094, 0.000298897758662896, 0.00032156029440243616, 
     0.001357890762074031, 0.0004573632478302554, 0.0007023926298725082, 
     0.00035547140870960603, 0.00003172065873324117, 0.0005043309264246291, 
     0.000013224517418495847, 0.00004904104708694741, 0.00030686935077758816, 
     0.00003456768206967662, 0.008747246441354235, 0.00004211850090877244, 
     0.00047706649324329566, 0.00038618840512068167, 0.000184231835236086, 
     0.0000452348125970884, 0.000011307311190153836, 0.00010783507502028561, 
     0.00001243730611964184, 0.0008324560741212584, 0.000012278298609507392, 
     0.000040699974860711786, 0.0003893257173307589, 0.000014350946034751206, 
     0.00015731738929359543, 0.0005986557361435975, 0.00003916862829828611, 
     0.00004827701980847091, 0.00005561200575135272, 0.00008111099986449, 
     0.00023633343354064102, 0.00005102661336424354, 0.0002077903869610062, 
     0.0000362897822643986, 0.00012240835841698683, 0.00019145487915408243, 
     0.0001341255994462101, 0.00004308797965616333, 0.0006163565425513265, 
     0.00002986019966016455, 0.0002949650812692781, 0.00004577407501016313, 
     0.000026499174281190643, 0.0010192576770639463, 0.00003274677442788916, 
     0.00015696608354587297, 0.00008169575064767593, 0.0005626685966128716, 
     0.0005997981777319074, 0.0038912400609475368, 0.000033522118367998246, 
     0.000020308947669342253, 0.00005577184183938027, 0.0003357633894634109, 
     0.0001753824128530401, 0.000014348924370454374, 0.0015878946141676222, 
     0.000033695763153402765, 0.00007909072737622231, 0.00028988485076108535, 
     0.0002663843520608403, 0.0015117001045931156, 0.000017755780855523777, 
     0.00004210887628457881, 0.00012566206227215221, 0.0000774389172364985, 
     0.0005533602349827151, 0.000014732450953603392, 0.0003656979918164334, 
     0.0003025182226397887, 0.00046461838631167506, 0.000022245010484095398, 
     0.00014937491054295573, 0.029492164198597647, 0.000951463116462602, 
     0.00020460123672859715, 0.00006692665575081315, 0.00013188715527870354, 
     0.00017159369121966006, 0.00002375681718000917, 0.00005531984263707939, 
     0.0004513253351155258, 0.000019750025304920518, 0.00010233516024053855, 
     0.004617529964455543, 0.0015069264697923918, 0.000035728680723183355, 
     0.000029470011394500717, 0.0028721549914546137, 0.0014485167349404787, 
     0.00002390553059124105, 0.00003750033341786239, 0.00004196112647246882, 
     0.00018821439730720913, 0.00007300741307302393, 0.00015636529627917602, 
     0.00009953080943906172, 0.00021531248668079167, 0.000052453237723118155, 
     0.00008503321760288303, 0.00010176542810104407, 0.0025397130431427375, 
     0.0003040611887619526, 0.00012448268261253394, 0.00027451521575396837, 
     0.0010439729962456192, 0.0006611539735074959, 0.0001653358784559851, 
     0.00009190709119979695, 0.0008839280689495313, 0.000027463494059739627, 
     0.00009151206692805771, 0.000012797357426472625, 0.00011374612951431506, 
     0.000033780047967732513, 0.0005031043436191353, 0.00002249886123637017, 
     0.000029297986419543948, 0.000049798235433834036, 0.0006378399686010028, 
     0.000017182591574904483, 0.0004559646238186976, 0.00008880439530457629, 
     0.000020257297677493874, 0.00013868554065600618, 
     0.000021933418681984073, 0.00007183935852082226, 0.00011665942016989139, 
     0.00004624043003408636, 0.0011222124824908585, 0.00001441256098283247, 
     0.00003864856251815427, 0.00014169694656570493, 0.0007172956212894275, 
     0.004472719497253548, 0.000012911896316926518, 0.00002614807754878156, 
     0.00008496576221485214, 0.003187230728558439, 0.00040366177248392913, 
     0.0002205889223506959, 0.0000641976405199583, 0.000056388455916218714, 
     0.0000330682784968914, 0.00003240555219227809, 0.00014499922613271662, 
     0.000420030936288837, 0.0004365517646722671, 0.00003134960683464866, 
     0.00008653550102826748, 0.00004308505673627082, 0.0003269943091652403, 
     0.0001708177386510547, 0.0003890990129904135, 0.000027839468597603248, 
     0.0029767259841397297, 0.0000953513705424353, 0.0005909458554130928, 
     0.00015566831863986783, 0.00005668849521385458, 0.00005301909614460878, 
     0.003683741020023413, 0.00010446310867548962, 0.00005968535622174364, 
     0.002774737658366095, 0.0022924753523206813, 0.00003656148773854475, 
     0.000013836357755439134, 0.07553440977185266, 0.00007432877158046351, 
     0.00009898169362175174, 0.00014836216219758723, 0.0024637587008682228, 
     0.000031212322064879084, 0.0005079291535267004, 0.0001216333780933209, 
     0.00010900938749730997, 0.002593460937172476, 0.000017752053723178174, 
     0.00045208157034674136, 0.000012288494927845321, 0.0002503797078616828, 
     0.00007740071594843924, 0.00011437746251593495, 0.000016131622797545952, 
     0.00395355008804411, 0.00020194594202925295, 0.000026922619275011517, 
     0.00006489768762874881, 0.0005335295561245948, 0.00007889826119822418, 
     0.000018138858526311567, 0.000024631371755068473, 
     0.00006981659805583724, 0.0007932208928495868, 0.000028825341891493485, 
     0.0007907263505467591, 0.00011314173107531696, 0.0000788786289167722, 
     0.000017173599350846232, 0.00037708148117628233, 0.0007945621737304461, 
     0.0001382706764276673, 0.00019445631070418465, 0.00002862487820146529, 
     0.0008579854594099442, 0.00008034995884819198, 0.00003207009175898272, 
     0.00028284994270923387, 0.01733384962456078, 0.000013069711886269724, 
     0.00017602276031323142, 0.0002245886748356493, 0.000022532852782102425, 
     0.000041366111911911314, 0.00021604032355829897, 0.00012987907758911702, 
     0.00004830730193706037, 0.0004531134651060427, 0.0013586016873557035, 
     0.003386948976171714, 0.00033487171978490327, 0.00002660736923277236, 
     0.000014699394620948523, 0.000013930212700715428, 
     0.00008810381051454577, 0.04782445985042731, 0.0005589849319843481, 
     0.00004534066338142354, 0.0004944953208159329, 0.0006717268591187871, 
     0.000017582414633017206, 0.013950997962549188, 0.0006920065938432445, 
     0.0003059396396795883, 0.00175847710503614, 0.0006130894753278524, 
     0.00032083228512139823, 0.00004156849658467376, 0.00023959012704210714, 
     0.036948615919082925, 0.000639422523268099, 0.0002811604952409167, 
     0.003310918735508476, 0.02399623871421858, 0.000013939512159528444, 
     0.0000437971064879163, 0.00005732748322464327, 0.0006461524678544924, 
     0.0002800964747560454, 0.00005139356839763581, 0.0018583283204645618, 
     0.00014815260958046052, 0.0000707262105084719, 0.0003494233809738433, 
     0.000024325058755356868, 0.000045614258451501676, 0.003576841818672479, 
     0.0012926451784701278, 0.00005436181864870834, 0.000060579612271887735, 
     0.00004049923978333468, 0.00011457313960004345, 0.00008243866935652821, 
     0.000031531238416588535, 0.000018042292557650314, 
     0.000030019573430605458, 0.004755297345626197, 0.00008891757866030244, 
     0.00008405877590864875, 0.0011689287919169472, 0.00104379962452366, 
     0.000020523964104606, 0.00010170589991271554, 0.00014171209868094165, 
     0.00014257663830511343, 0.07926180559649676, 0.00001686457338196569, 
     0.00004097201476319246, 0.0001290873259845547, 0.0010085773885352568, 
     0.0001197490673101724, 0.0008128601955789632, 0.00004018941876525376, 
     0.0005117883054796087, 0.00045452803666369096, 0.0018113828868173035, 
     0.0005503540562230621, 0.0005493986416745056, 0.000987618020316048, 
     0.0002530408224751383, 0.00021873350125847807, 0.0009301167744429706, 
     0.00035020145610864105, 0.00007620077637135121, 0.002220943540903399, 
     0.0005870201759471977, 0.004450087724916111, 0.000037102394989485345, 
     0.0006537140240474034, 0.000058604086991803406, 0.00029969199715729737, 
     0.00008872984411210344, 0.000039897243365801315, 0.00007155825847646948, 
     0.0012169894535618096, 0.00011000253199322528, 0.00003649904413956247, 
     0.000020432151763855467, 0.00019533591813304175, 0.0005803200638018342, 
     0.000013465735078199814, 0.0005222614177631009, 0.000023318262810768424, 
     0.009368522934960823, 0.000051003573441258, 0.0005726287643354252, 
     0.0005554252794941124, 0.00011769632405365349, 0.00009942587504238849, 
     0.000052908551569658886, 0.002645176422867857, 0.006015187209940351, 
     0.00006680187555988796, 0.0007420553155427488, 0.027902996374304254, 
     0.0000204842669397663, 0.000055646941111413425, 0.00011737267682946644, 
     0.024902180870599623, 0.0004451436858532182, 0.00021275576054064873, 
     0.00005329204581184718, 0.0005369047978468253, 0.000432948783320984, 
     0.002223862674964813, 0.0009347493012112375, 0.0004925768816078789, 
     0.000023750252196416807, 0.000010423526857604675, 
     0.00046240851441803457, 0.0002589773189472402, 0.00012567782731516097, 
     0.00047904980075561286, 0.00026542743627205797, 0.000037919543688718694, 
     0.000015147647626708545, 0.00024323519252070035, 0.0000706998522227844, 
     0.00009077440088841758, 0.0023210846502092052, 0.00008718433684802138, 
     0.0003348745896009337, 0.00004413112656644386, 0.00001516865351459071, 
     0.000020226819703300624, 0.0004969351572874098, 0.00008599176284700086, 
     0.00005467748084475162, 0.00005782717151447477, 0.00005123922508264058, 
     0.00006494203589800956, 0.00008535044389835065, 0.000035853639091204495, 
     0.00007883192825885194, 0.0005643232936209622, 0.00007693102522705616, 
     0.00010716911184098876, 0.002824031506349166, 0.01352318504033487, 
     0.00014873759579496262, 0.00018206668427597392, 0.000241998468662179, 
     0.0007057612292332248, 0.000019087662274214794, 0.00008322339662635593, 
     0.0001087551381500066, 0.0006978046618028368, 0.00604679641426645, 
     0.00003119618167035639, 0.0002387568255270654, 0.004676452200914923, 
     0.0011766834756585342, 0.00011500626105525822, 0.000010972214487493865, 
     0.000015433537311269008, 0.0017397979655950169, 0.00030661833337320224, 
     0.0007974159486083868, 0.005421738283461874, 0.00002614960841095644, 
     0.00013118082648412642, 0.00008200091496475097, 0.0008325278353923652, 
     0.000026428646631468062, 0.0019115666608125238, 0.0000248243781161139, 
     0.0001308423077777711, 0.00014843777828036622, 0.000032516862192155634, 
     0.0019195454570689503, 0.0000166065845170294, 0.000018244603861072914, 
     0.00017452973462279246, 0.0000184650392488201, 0.000019021371878416234, 
     0.0014522608382583715, 0.00011722852323865372, 0.00004598879705108206, 
     0.000024967219279500133, 0.0000481008928626876, 0.00015176845810691158, 
     0.004398274746010086, 0.0002093771329108967, 0.0004620085278630449, 
     0.00007780574444574751, 0.0014344312373896922, 0.00006327037424844038, 
     0.00047502660681753375, 0.0003898353012260763, 0.0007037038231840582, 
     0.00006395024374693772, 0.017528569944759487, 0.00003367147779245334, 
     0.00017563771016236189, 0.000023813513300680566, 0.00013401380168186146, 
     0.0021798462850765757, 0.001032474250316389, 0.0012125658237419445, 
     0.00007553963439965577, 0.00037711045494878546, 0.00018814815617100954, 
     0.009939827925318655, 0.00004338598567927318, 0.00007591079371560067, 
     0.000051895186201848506, 0.0006232410439429484, 0.00012582259709612815, 
     0.00010643450237931949, 0.0005909383954987663, 0.00002397771282338179, 
     0.000011424811507336646, 0.00009387971760381532, 
     0.000033479256780565055, 0.00009860883965622208, 0.00009423525282941834, 
     0.0011554661923527654, 0.001779581871633635, 0.0007459652568244751, 
     0.00021556451866228685, 0.00013666775137993452, 0.00004241241638825784, 
     0.0007443898758009665, 0.0001432452567820194, 0.00004092705103352068, 
     0.00011890810040968548, 0.0011667088431035184, 0.0002351703031964107, 
     0.0002607248839609087, 0.0004547746348610506, 0.000043647162611042135, 
     0.000024999991455367955, 0.00014677414897036454, 0.004342287956536081, 
     0.0006946424047433397, 0.00006785013979200011, 0.0002041018052290399, 
     0.00011699613550058988, 0.0006177720394808763, 0.0003224727780433493, 
     0.000032991020859553705, 0.0011529737795039881, 0.00024242348739650146, 
     0.00001301604448715091, 0.0002369483554572258, 0.0013975343327084508, 
     0.000015263983621989187, 0.00012202148463141656, 
     0.000034449772468822504, 0.0031888468625731487, 0.000045847342893389386, 
     0.0005633282394058349, 0.0006054703582416961, 0.000017748208562149037, 
     0.000039844123204676204, 0.0003455292544938716, 0.00006476380310136254, 
     0.00007326807283978916, 0.00007187734965419026, 0.00028892835381822774, 
     0.0002104866481138004, 0.00002368097997616884, 0.00001795345301576824, 
     0.00009735285886731552, 0.001749155217401373, 0.004295013216025711, 
     0.000907863260833419, 0.00007215915323695104, 0.00009784584775083948, 
     0.0062922105111067606, 0.000029379534075195328, 0.0007025251148069403, 
     0.0003594769177150199, 0.000014257043760486299, 0.06492938888106718, 
     0.00001229655360004645, 0.000021378917464270423, 0.0004412738495942978, 
     0.000026256330083113407, 0.000019657060630758628, 0.3357390521747262, 
     0.000035056561904468956, 0.0007866516440532482, 0.005282229239330308, 
     0.00004115927625867726, 0.0001533666060399361, 0.0012559862776876326, 
     0.00007472697874331194, 0.00033954328175239066, 0.000020480932887221218, 
     0.000017447904867565148, 0.0001624451819839863, 0.00005020780307150041, 
     0.0023308599086706554, 0.0004327434754289756, 0.00002110434757149857, 
     0.0011957025260424358, 0.00013192031531600917, 0.000029935398768257287, 
     0.00004374847935867099, 0.00038019715924263533, 0.00008171567902487996, 
     0.00009243244493639488, 0.000018982699403479084, 0.00004183135601253325, 
     0.00009913336163904564, 0.000011579012765215519, 0.00010407518519800946, 
     0.0007387124611562116, 0.0003762888706023996, 0.0016324051561037083, 
     0.00004205520599708825, 0.0003600433695896322, 0.014540619926566965, 
     0.0000965687686850599, 0.000028699691194224974, 0.00075846369816371, 
     0.000040704676666593074, 0.0022969160929477233, 0.000051137752324161974, 
     0.00012682071335495896, 0.00007713491044180444, 0.00003662413397130726, 
     0.000020345275650449768, 0.0001479921406399463, 0.00014321181089732617, 
     0.000011304955530087977, 0.0006169204686686315, 0.00007277905585581676, 
     0.00004629509760161336, 0.0002973137703820249, 0.001458661882708889, 
     0.000013739066275367678, 0.0004475610305910788, 0.0000156255028180488, 
     0.0002159244920725832, 0.00007461651939760246, 0.00019412815963811507, 
     0.0005504900728353667, 0.0000331144990269879, 0.00008737139437981754, 
     0.0000340216483964866, 0.00007317779892908799, 0.0002193164783184223, 
     0.0007220425698329693, 0.000021183785344466278, 0.0011256211332382657, 
     0.0008288201937681318, 0.00036671287768981996, 0.000041283307154653936, 
     0.000010388694688083208, 0.00001508208048169751, 0.00006887074308237032, 
     0.000028841308760998154, 0.00045582900561206386, 0.00005259196433151316, 
     0.00003876689387463472, 0.00003934880296752656, 0.009642945173380806, 
     0.000041998874639784454, 0.0008958319324877887, 0.0013554459847528002, 
     0.00013079234257932544, 0.00006257469312551255, 0.00009182397865643159, 
     0.0005567712415888372, 0.0010894354892422961, 0.00005123331536055744, 
     0.000021051783919149475, 0.00820078295128127, 0.00034579501831094426, 
     0.0003776627772862084, 0.0001305985321458938, 0.000023578885072366586, 
     0.000058705289012580315, 0.00028827714395175186, 0.0000507645221829591, 
     0.0015139183360317959, 0.000015694682230638996, 0.0001541794183142421, 
     0.00011048195143790566, 0.0008585176985026036, 0.009504602073423069, 
     0.0009558410637632608, 0.00034969940696725224, 0.00025230889518770556, 
     0.00003099608940733644, 0.00025284055498193405, 0.0003458866686847902, 
     0.0001173514593983118, 0.0001912301852870837, 0.000041643284336959604, 
     0.00028862500539020096, 0.00027924660710898415, 0.00002418983709786829, 
     0.00014405615024359154, 0.00019223970878129635, 0.0000766392099532673, 
     0.0003119120449229314, 0.00007053119722834555, 0.00001738415770297734, 
     0.00001520220737735068, 0.005091945325409232, 0.0001291701302987869, 
     0.002333404722842259, 0.00007362212386261455, 0.00016904714639362048, 
     0.00009507303483907188, 0.0008526356369243449, 0.00004967016645884963, 
     0.002547170500748869, 0.0014719568181308588, 0.00019283863347913785, 
     0.007034113537393957, 0.00022433373596325037, 0.0007711885521308162, 
     0.00006998534190770593, 0.0001231391449979748, 0.00004665287555203397, 
     0.0006888944833810189, 0.0018589690060776297, 0.0028361774757681957, 
     0.00004091598607854718, 0.007952682335239571, 0.0008244042709257493, 
     0.00002775956702621144, 0.00011299895074813874, 0.0005937871971354146, 
     0.0015511472030217697, 0.00833350458229197, 0.00012087863618913076, 
     0.000336454977279518, 0.00018715516374494308, 0.0012450405046884121, 
     0.0004745390772587274, 0.00005574006786614105, 0.00006320454028643622, 
     0.00006843810239889599, 0.00005663784565326385, 0.0049118334502011845, 
     0.000863486004295176, 0.00014963435041525272, 0.00005502570590116213, 
     0.00011187026977601331, 0.0010957013275436165, 0.0028016443027690835, 
     0.000026163442661992223, 0.00004113396852119721, 0.00005852814042314312, 
     0.000011691155560737469, 0.00006902116722773451, 0.0002944469273292249, 
     0.00015664425571642167, 0.000011973894274702933, 0.00005108171623220642, 
     0.00012796339921468562, 0.0015827228238536938, 0.000051419361276867495, 
     0.00004939035970390335, 0.002364515845097743, 0.0008998661350816135, 
     0.00018248761886362276, 0.000017077465508886818, 0.0006118856539165979, 
     0.00011643652293183249, 0.005677108782276134, 0.00001734484793135292, 
     0.0005973866554600016, 0.0007838415227123493, 0.003907352905169209, 
     0.0026030606910832504, 0.00003775034413578463, 0.000044214432014408344, 
     0.0010572220211628647, 0.0003628999915002588, 0.00001844956831611445, 
     0.0004860657572524384, 0.00045168069102017027, 0.000056627797161659184, 
     0.000034368069937165576, 0.000276696150881687, 0.00048761550495464955, 
     0.000014535317552837537, 0.0028021189095993344, 0.0009496410031100677, 
     0.000016363952143774776, 0.0010568865836775552, 0.00005175978884159443, 
     0.0003887475693952584, 0.00008592581943260562, 0.00038264641868802126, 
     0.000028283827916076702, 0.000015955840591279626, 
     0.00002245077430560688, 0.00008247839772274981, 0.0003743348169640393, 
     0.000017409627382090702, 0.000045881552446971575, 
     0.000013259793086476516, 0.00016150536417500004, 
     0.000044691374482736714, 0.0005115825920402633, 0.0005241976636719569, 
     0.00004356516418848917, 0.00007655837840121193, 0.0000340284298409399, 
     0.00010500706291333554, 0.00020892492368427803, 0.00008978423511151596, 
     0.00047678166094332016, 0.00010825789208075603, 0.000039418864498361976, 
     0.00015925488941380555, 0.000027307454392756567, 0.0001349564028836148, 
     0.00006635918246976619, 0.0003991361950360655, 0.00034536318574587653, 
     0.0000813573734977691, 0.00011477425744559044, 0.000027388691602567986, 
     0.000017734502975976078, 0.002909509696375736, 0.0005609742670669822, 
     0.00012901865413752746, 0.0005899021759307293, 0.000033383030379025605, 
     0.00003291690390547055, 0.000032737793303447525, 0.0001246585211448449, 
     0.0000725978058562844, 0.0005646790389059563, 0.00042284801378333767, 
     0.000039514135727231735, 0.0002254000358005512, 0.00132854085359076, 
     0.0000491350947814181, 0.00020501091531041824, 0.0005309324119577705, 
     0.00007132656707807033, 0.00006622123220584254, 0.00038101066248230386, 
     0.00010847434498041685, 0.00010621517181099936, 0.000020468211931377434, 
     0.00003932620047306439, 0.000058067685215503205, 0.00008029953853202946, 
     0.00017024620578086363, 0.00033707092501957946, 0.00014245722646659935, 
     0.000036433490503764126, 0.00006421090017279711, 0.0002079850421660149, 
     0.00010754552436196275, 0.03517897499208288, 0.00018635085412348586, 
     0.00001088334043285864, 0.00004655607213215801, 0.0006502334683353083, 
     0.000016984161862365368, 0.00001604726122383816, 0.0003025779650031315, 
     0.00002517740081755258, 0.0005553441513489075, 0.00040419717867989707, 
     0.000013860837969607357, 0.00013237132713883585, 0.00003995987719283837, 
     0.000026292835094385314, 0.00015961602101354465, 
     0.000017110809559723688, 0.00014109001052221867, 0.00040462578363316507, 
     0.00008148628082649334, 0.0003730212160351532, 0.000045661042429773605, 
     0.00006981632856353087, 0.00012142765329589003, 0.00026668432466045254, 
     0.000012713762893252184, 0.006690702584994788, 0.0006942727838204461, 
     0.0008852211706962316, 0.00004498703022263004, 0.000012623413813696455, 
     0.0054622075725834955, 0.00028583066253072466, 0.000032765985425376805, 
     0.0017060764367835507, 0.0002550756988009946, 0.000804075495084204, 
     0.0001414774650083128, 0.00004279939862106756, 0.00016109588554005422, 
     0.000012484802858401449, 0.002177294146056841, 0.0006964167723237482, 
     0.00009791656070841307, 0.00006654175090910672, 0.00007152732860002608, 
     0.002009519918921384, 0.00031721496031752696, 0.0001380435156252045, 
     0.0017775255892938588, 0.0003011382073747097, 0.00007685347410833456, 
     0.0000459235590775941, 0.00006436961701563736, 0.00009072360921441816, 
     0.000784209545150966, 0.0035078902926895333, 0.0028552446089800216, 
     0.00002285267181422767, 0.00010532755743819547, 0.00010505907140389714, 
     0.00034305164991175075, 0.00022674536275302853, 0.01205448804119861, 
     0.005858886470837402, 0.000030034415886976076, 0.0027024408667225895, 
     0.0003547654384475958, 0.000010553367132308289, 0.00011218204427049118, 
     0.000022093108854908015, 0.000042114157563464626, 0.0007365811251545352, 
     0.00013831077434752983, 0.00002298438668827918, 0.00022853662062929063, 
     0.00006689391931213584, 0.0007110645429319316, 0.00002094569679301629, 
     0.00004745634482078582, 0.00006688492078906973, 0.00004926138516335003, 
     0.0018699009183979014, 0.0001719468009599434, 0.0000533865671240036, 
     0.0002190993127172682, 0.00024357361460518813, 0.00013528204219257796, 
     0.000038757227323520334, 0.000015382168641903047, 
     0.00023640425612295887, 0.0004580705526250557, 0.0017674708929488337, 
     0.0001204934833143349, 0.00002501342658291839, 0.00005650290733289132, 
     0.00007005640082421562, 0.00003569607719684575, 0.00006194156622516996, 
     0.00020136578523794282, 0.00010274664746910944, 0.0003983801654549831, 
     0.00042950323529263176, 0.0003172227798510066, 0.00008540547207460575, 
     0.000021108160095852697, 0.0006358835083462476, 0.000048884868811768813, 
     0.0003380744420018709, 0.000056387486770885726, 0.00004280152656364427, 
     0.0011013044365922283, 0.00006645095769484942, 0.0006706279584174323, 
     0.00006641311045582126, 0.000041297901894501134, 
     0.000054067473942141144, 0.0013345107966529382, 0.00004401671764926555, 
     0.00002121679776894631, 0.00002880369900361514, 0.000013402371283409765, 
     0.00014876134398695496, 0.00012175770092501792, 0.0000818891625459609, 
     0.00003384920126130022, 0.0006895479057418312, 0.000023099142212466792, 
     0.00041335575085679624, 0.00003229708397498871, 0.0025541284395227447, 
     0.0005161014976408584, 0.0034505660699686996, 0.000029651753233950406, 
     0.0007943085272033418, 0.00015470560887343633, 0.00008492374478983823, 
     0.00018303798058049047, 0.000029176438207071137, 0.00008001656288559823, 
     0.00022057387397327505, 0.000013064029337378478, 0.00008989146506464364, 
     0.000025821709360404403, 0.0001381664590992661, 0.0006090870621985222, 
     0.00019493775108435436, 0.000032774734959016045, 
     0.000021371187528591637, 0.00003794338135856661, 0.00014228002583171028, 
     0.00042563368026521956, 0.0000425783513478244, 0.00028369632666832764, 
     0.00026027435028654864, 0.0001630226411846892, 0.0021717938411119843, 
     0.000016084012336817776, 0.001420701140943917, 0.000246165746604475, 
     0.02677570533020073, 0.00019184922958768332, 0.00004059692675588743, 
     0.0008446493625053833, 0.0013587045582174094, 0.000044788284125224696, 
     0.0010807439685327285, 0.00031439565715662537, 0.0004179829750680847, 
     0.00001230862885288007, 0.003162725378894922, 0.00009230186645945342, 
     0.0000188860616606651, 0.00002010179515602543, 0.00015062128012554335, 
     0.0001021639893723212, 0.0012742912907535236, 0.00019863177116543525, 
     0.0005687292476247718, 0.00009285711391352512, 0.000025382607034732012, 
     0.000011827093478869672, 0.00004821590408764931, 0.0000888015712000095, 
     0.00008018676952367256, 0.0004435074254448683, 0.000033344026119389235, 
     0.00015056709428102455, 0.00029730189244072313, 0.00013113812565682486, 
     0.000043822861634622946, 0.00134686709825273, 0.00010243178758870497, 
     0.00012942780487863273, 0.0009913197559705083, 0.00003799683348460193, 
     0.0022550128084785747, 0.00004576365143825205, 0.0007167037558899374, 
     0.000013124156364127924, 0.00003073698612559289, 0.00039595483965720104, 
     0.0004360084642980253, 0.000012167150268294583, 0.00028313414058701175, 
     0.0028865486307580726, 0.00224963724521849, 0.00006025320877816206, 
     0.0000910832866013528, 0.00016828514528426737, 0.009297941018886804, 
     0.00005605784860174608, 0.00027475027746196745, 0.00213407579444631, 
     0.00014174640617916715, 0.002178536194890923, 0.00035173168062347114, 
     0.000027154046538797445, 0.0006519910279408692, 0.00014563490102823345, 
     0.0015798079205449635, 0.001985920652062414, 0.000033350828194732606, 
     0.000026802237611263993, 0.000020056691124057383, 
     0.00047783244311595737, 0.00001858891663684484, 0.00002962763806383218, 
     0.0000602924073457532, 0.00011048958840195435, 0.00013815941165071845, 
     0.00030056670614683024, 0.0005773212973110336, 0.00003535462315619247, 
     0.00013674993895137, 0.00006636858732213, 0.0008503685604296709, 
     0.000040383734597200394, 0.008982205378450426, 0.00003102940951715097, 
     0.001305960560498179, 0.000010491658464583689, 0.00002748567108076241, 
     0.000055160459265382174, 0.00003095205274413674, 0.0006052390272130418, 
     0.00001931672925585303, 0.000015580236376228947, 0.005862403868834787, 
     0.00004193051964507411, 0.0029152390020637273, 0.000031775068411065305, 
     0.00007449475985797726, 0.00025679679534047637, 0.00002942383519345133, 
     0.00003613298655496787, 0.00010846018448072901, 0.00003369275567178052, 
     0.00003950745801084019, 0.00010567145203576026, 0.0007905886963540999, 
     0.0005790799728221746, 0.000025552714739138475, 0.00004015642404669258, 
     0.0018662620449315047, 0.001264309105878648, 0.000020262903709307826, 
     0.000023176510636306293, 0.0007648826585337703, 0.0003726035379869901, 
     0.00008323837260006334, 0.000032901301441912836, 0.00437379539243123, 
     0.00014554298821089552, 0.000699631898817672, 0.4800924985867182, 
     0.0063820129096557555, 0.0001373130990267236, 0.00026273047846311784, 
     0.00001988907995065571, 0.00016883632116807494, 0.0003710813501100023, 
     0.00003552409371231729, 0.00011893690668431269, 0.005973968822280422, 
     0.00015687275069442843, 0.0030964234981067707, 0.000014167865689616197, 
     0.00017622045665545316, 0.00009326813342823099, 0.00002567295590242938, 
     0.000018764306951782993, 0.00006173552102451942, 0.00006592953512879674, 
     0.0005260969385732573, 0.0007491546521447345, 0.00009383788905322927, 
     0.0018643884170412106, 0.0010837278431121958, 0.0000608932920768778, 
     0.0000307792699049173, 0.000029924473693177023, 0.0031913730146715755, 
     0.00029229593440479007, 0.00001889411777057891, 0.0017641493704633538, 
     0.00011890462060406361, 0.00025255064222047703, 0.00016277089618416465, 
     0.00035508809759402513, 0.00013759420043819027, 0.00021548103766328217, 
     0.000029871320402626325, 0.000022030575380808636, 
     0.000014634477438901388, 0.0021876209410088892, 0.00014602827176601925, 
     0.004588988932121473, 0.00045274670221253423, 0.00017630305408565243, 
     0.0006732071540272648, 0.004603043228531656, 0.002637438622471292, 
     0.00026685033766679606, 0.00002167420631829426, 0.00020708301088223725, 
     0.0015363405286828995, 0.000014203116548082049, 0.0003716967432685991, 
     0.00023236638561641, 0.00024043039424524618, 0.0008869700804082035, 
     0.00014738524481008958, 0.00036567001778196526, 0.00026023054843526207, 
     0.0005342322396895706, 0.000331922791033397, 0.0006302782097705788, 
     0.00008350273596929472, 0.000257273737959867, 0.000013962901516897756, 
     0.00004044264367189185, 0.000979409895455069, 0.00017418484785983645, 
     0.0032923615455297366, 0.00003911928250414452, 0.00015010119449656767, 
     0.0000940634365589623, 0.01059020740838602, 0.0002662797553798838, 
     0.00006400486273656344, 0.0002982216103539936, 0.000012859095013394113, 
     0.0007278711181516038, 0.00036532826060311704, 0.00018225465865704028, 
     0.00003218890856390043, 0.00001468921238832299, 0.0008836640846933525, 
     0.000052360164422301194, 0.00029590735790932515, 0.00009197766744479724, 
     0.0001330028122714744, 0.007091365544830386, 0.0021460739500509074, 
     0.000030428619238129406, 0.00003598452099962227, 0.00007308722899550898, 
     0.0009293430508563863, 0.00022226860621397517, 0.000901900088939897, 
     0.000027152875013984494, 0.00001412924931197597, 0.001024082474559204, 
     0.00003147932353890968, 0.00007288241549272325, 0.00008394802846486866, 
     0.00002685213362440241, 0.00011436554662735726, 0.000013573967338811477, 
     0.0007240224076866667, 0.00007011543807748647, 0.0002089454040348587, 
     0.00008742373141536512, 0.00006390407753780692, 0.000028587072134882742, 
     0.0013758101124506917, 0.0013800676657222256, 0.0004937749731633842, 
     0.0003364116533344266, 0.000019349090056046154, 0.0013747712331911338, 
     0.0002887600869585896, 0.00004654080705351679, 0.010773903447674765, 
     0.00017084375722985456, 0.000029488660946555868, 
     0.000016826891365474312, 0.00021977051853049138, 0.0006427008199757405, 
     0.0027184471699534035, 0.00008632324409165111, 0.0008497615076405992, 
     0.0011938866555128746, 0.002698366084970876, 0.000024389047011831026, 
     0.00004757749047394883, 0.0003375672907464904, 0.00006744159518664557, 
     0.0008860167242716287, 0.00007481005215195511, 0.000012591346122173144, 
     0.0005675160961006697, 0.00001945389315931549, 0.00009277794396700039, 
     0.00042962079474527325, 0.0005081214440168338, 0.000022015679082705492, 
     0.00011155240398455483, 0.011001142288526973, 0.0001355937675682212, 
     0.0010308500374904869, 0.00031777315854884206, 0.0002688029131778481, 
     0.002604308883064586, 0.00009895881904579535, 0.0005403127673383699, 
     0.0001263833525178466, 0.000012955640148714514, 0.00034202429108546857, 
     0.012939958729526134, 0.007874026306127314, 0.0007781371145057905, 
     0.000622075738415438, 0.000018649665965994188, 0.00006791931687976883, 
     0.00018057926823839956, 0.0003711774629628325, 0.000047647081539087595, 
     0.00015032136193114163, 0.00011904225296652228, 0.0003408635310660071, 
     0.000057768178914578126, 0.0002521807988743264, 0.0002548772540669475, 
     0.0018688302183061086, 0.0005487226511269604, 0.00001832965903912985, 
     0.00022558728342526448, 0.003474278337170917, 0.0003404591218849656, 
     0.0003096581511592083, 0.00001595622398927542, 0.0003679315138004019, 
     0.0020829931839557157, 0.000024232657633673376, 0.00012395694637080403, 
     0.00005566428969929691, 0.000016381418471906732, 0.00001903639646603752, 
     0.00026074716331726393, 0.00011158386269665678, 0.00014078551100681736, 
     0.0012535477560576744, 0.00002424674414222677, 0.0000168182536172745, 
     0.0001482755399735349, 0.00004741739726963666, 0.0002629927556517999, 
     0.00003403665794615249, 0.000027632561898796188, 0.0023727630460906543, 
     0.00006225587990158072, 0.000058504933687671626, 0.00007941966152263437, 
     0.00034501040826025663, 0.0001839215207283625, 0.008364738874557557, 
     0.000016467051588259055, 0.000042199227790306854, 
     0.00007451939422529189, 0.00021081725916341466, 0.00947156490946541, 
     0.0007054013108575952, 0.000511258358093551, 0.005948207366880174, 
     0.00001570677834214669, 0.00026677732134640597, 0.000030349883935187473, 
     0.00013940692607987973, 0.0007997307661312172, 0.00002020394657025839, 
     0.000021509391525321265, 0.00003138763741292368, 0.00012708588083235956, 
     0.0046065947763488406, 0.00008296324778985073, 0.000023823316402799982, 
     0.0005047979492317557, 0.000029917019642926898, 0.00023351858441449363, 
     0.00006446733686529537, 0.00022569348490702557, 0.00026336670877950103, 
     0.00039551791555565046, 0.00016352167343977044, 0.0006707242896002736, 
     0.000014274046225361205, 0.0005194905137127917, 0.0008288455173832982, 
     0.0002235578755766652, 0.000024802942349890704, 0.010718006347099697, 
     0.0002543030959047541, 0.00020544805901406615, 0.00001821307189178469, 
     0.00001792265746011753, 0.00009712021651656301, 0.000029878649163841203, 
     0.00008291852534929738, 0.0001462557469217342, 0.000025430776656144343, 
     0.0001022060779833112, 0.00004340082635079165, 0.00004685350141562492, 
     0.00009550479326709963, 0.00013891748431382725, 0.00009525249013197426, 
     0.0005826994212835999, 0.00040971206356006656, 0.0006426549727739158, 
     0.0011612211486322138, 0.00025355187267152334, 0.00226723727456198, 
     0.00010953859721176385, 0.000014075255994331598, 0.0001504817742821086, 
     0.000173877625915772, 0.0003705090996624886, 0.0000455680059295027, 
     0.0014501811042145578, 0.00041078065825705327, 0.00007171295846468865, 
     0.0018996017141573022, 0.000884663905068187, 0.00011782628128274931, 
     0.00005203447013144434, 0.000022505259469713523, 0.00069857255223266, 
     0.0004404736618310465, 0.00004533460641736608, 0.0002030856307305714, 
     0.00038026255958762865, 0.000601130734013143, 0.0014529768604300333, 
     0.008170125510648291, 0.00022559038392119829, 0.00008872392640617849, 
     0.00003498254855249592, 0.0007853013070779247, 0.00010659318108851385, 
     0.000017931873591775997, 0.00002957670113948683, 0.00003977269087956555, 
     0.00010008902319609909, 0.000022632149792679982, 0.0006367751742582372, 
     0.00016845725263364567, 0.00002013683709431223, 0.0011206292497075007, 
     0.0003937420535800129, 0.0000269195448752809, 0.00007124476881954362, 
     0.000024348276129712237, 0.003426296275683817, 0.00003225252950126802, 
     0.00008267053614596347, 0.0013255115975818765, 0.00005032860183825915, 
     0.0024303395603012105, 0.00007333627071374888, 0.00027772214305211203, 
     0.00021272894489837466, 0.006204168572527797, 0.000013562738901164421, 
     0.0011443861513054801, 0.0006864358112012754, 0.001807403636887255, 
     0.00038336167698683793, 0.00025645738414539955, 0.0002811326420050293, 
     0.00166301262772348, 0.000044178611320825595, 0.00018927088210633994, 
     0.00005623331514360727, 0.00002335415679592132, 0.0023306884332681644, 
     0.0005988301150195798, 0.00003661956567451805, 0.00011112011884650098, 
     0.0006156485519667286, 0.00021629803033576013, 0.0008559388212589271, 
     0.00006037932772502611, 0.00030168534329206437, 0.0014626225121227138, 
     0.0015309274849070308, 0.0011104555204979952, 0.00004909688591255916, 
     0.00009231410535620209, 0.0003299425402306821, 0.00001411594782272203, 
     0.0003627437102531646, 0.000043802264040334056, 0.00005120284612201402, 
     0.0003384818561276321, 0.0013167893597668006, 0.00003307274266324944, 
     0.00001659461653532944, 0.00015969857541323627, 0.0003076577522263481, 
     0.0009613442264817325, 0.0001858771067885939, 0.00017769369121112635, 
     0.00009438746825340533, 0.00008548881628575964, 0.00004168917502279629, 
     0.000029855667561685338, 0.000843257918934673, 0.0000986555561700531, 
     0.00080464411547612, 0.0000729132853367674, 0.00012716903724231752, 
     0.00007809491523611354, 0.00005324427905643198, 0.0001787161035407018, 
     0.00004882329160471719, 0.00037997915517994584, 0.0006516101527929783, 
     0.0010298034768275945, 0.000020994135575077067, 0.00002380514250113417, 
     0.0004530326931524782, 0.00008812945980471818, 0.004656680379663562, 
     0.0004421892433668507, 0.0000276554080911133, 0.00003935440634402882, 
     0.000011292247735792478, 0.0006775219943943642, 0.00013374344523270213, 
     0.000020719446351772962, 0.00004920137105946797, 0.00016911968523653827, 
     0.00011296256383085347, 0.0004184326534345149, 0.00014219451068053042, 
     0.000032774201948107944, 0.001520197159000172, 0.0001679450308998787, 
     0.008198959627012798, 0.000021927569796583216, 0.0001087626347853387, 
     0.0010791429211861087, 0.00009908788849861207, 0.0022151798404810123, 
     0.00006768215050091507, 0.00006653810087892051, 0.0018743353175343475, 
     0.00009083230243761976, 0.001341093317871884, 0.00009818694225744655, 
     0.0005394992279990144, 0.0001776914638557869, 0.0007739291995286706, 
     0.00005483498909674086, 0.000452834892515861, 0.00006356869273907316, 
     0.00042424215396424535, 0.0001633274127200171, 0.0001771792562885956, 
     0.0006882016780592979, 0.0012254687295621175, 0.00013539642409014945, 
     0.00027814694575167706, 0.00014860325695660272, 0.0001311827795728174, 
     0.00009881901412360641, 0.00006811645786544317, 0.000030773695946129805, 
     0.000016101644523375223, 0.00003282072535280316, 0.00030122417860894274, 
     0.00013054152048722932, 0.00002220839624686502, 0.0002463253993485715, 
     0.0006025982001414638, 0.00042750578127220194, 0.00008940749306165962, 
     0.0001177774729306834, 0.0015188415954613518, 0.00004350001326297568, 
     0.00020607275922655124, 0.001496198150934608, 0.00005289268617398363, 
     0.00009479256057735871, 0.000033032875925326546, 0.00005450745641398812, 
     0.04442874378537668, 0.0003382813484491375, 0.0019493677403561104, 
     0.0002995040384289843, 0.00020434770128401088, 0.00038012127254839583, 
     0.0019125785132619423, 0.0032449231396490135, 0.00015111468652217048, 
     0.00014603690005425088, 0.000056939216801830894, 
     0.000022763967403642005, 0.00011705119127930017, 0.00008129855153728998, 
     0.00008232031867733066, 0.00003439189522012451, 0.000049502784289223614, 
     0.0009759872208011414, 0.0000997549042854661, 0.0003849693236773976, 
     0.0006749806978942011, 0.00003409656108961442, 0.000013562148075727891, 
     0.0001357981340762538, 0.000014865054230937999, 0.00011784507186206768, 
     0.00905117056357605, 0.0000714766553738899, 0.000035395624185118396, 
     0.0001328804402828317, 0.000038761538794837966, 0.000021324192056826312, 
     0.000014340235775421823, 0.000018452239305271802, 
     0.000018141594613301513, 0.000053348526910606894, 0.000097842090287242, 
     0.00021813475325713712, 0.000017134131611555613, 0.0011946440527123927, 
     0.00006924795772368975, 0.00012916209310897276, 0.0012818158142809863, 
     0.00018794593540234005, 0.0000546628459311608, 0.00007612842832566236, 
     0.00030144757497287415, 0.00008009055844066425, 0.0003619846183593154, 
     0.00015316847047125117, 0.00002687638656955365, 0.0004466319820765275, 
     0.00001658372000240793, 0.0006683645663866573, 0.000031531941324904994, 
     0.0015250170599792063, 0.01795520823064152, 0.0003363718361530551, 
     0.06010036884513903, 0.0005359696313222103, 0.0000888511684153228, 
     0.00006719657092873801, 0.00019263646183942745, 0.00003013846165474993, 
     0.001260518639016267, 0.00003130180297984396, 0.00002312422181039842, 
     0.000026818958047028435, 0.0005609923018138054, 0.0003084074751522886, 
     0.000013882783356235136, 0.00010648427598053932, 0.0007270428581637488, 
     0.000024947692450759252, 0.0002410863236095748, 0.0001028366913299749, 
     0.0003036862548804435, 0.007940591721915963, 0.0009519488589138428, 
     0.0005370933125511446, 0.0007446687090844873, 0.0009202075608130057, 
     0.0006235205467804468, 0.00011205563206462949, 0.0005978132037879079, 
     0.0003664820939288847, 0.0003259483288450678, 0.0002521808701007128, 
     0.00036343748822772895, 0.0027697171723029606, 0.000014128342448962175, 
     0.0003466556271714717, 0.001082978428459606, 0.0006277178753918211, 
     0.019481388029866615, 0.006406842240557532, 0.010029786763130398, 
     0.0003084302227152837, 0.00013882284539038813, 0.004982318927636272, 
     0.00005069093371430446, 0.00010300671968702935, 0.0000967141297029742, 
     0.00024109694134276, 0.00011336259864109968, 0.00012910524826990636, 
     0.000033303267639298035, 0.0000683602752140884, 0.0002255904554479568, 
     0.00021974000351782279, 0.0018514030678302275, 0.00003687387315433767, 
     0.0019523895230333876, 0.005329070305717218, 0.0014616991805697852, 
     0.00016317249063427987, 0.0008390962070626688, 0.00037201806749918517, 
     0.000017205742003481883, 0.00027306020254829345, 0.00017437679821385744, 
     0.000027163034524461215, 0.00023079665385022414, 
     0.000026582015068729685, 0.0003399250242962294, 0.000020316153602685994, 
     0.00003729821935742173, 0.0000708127324812246, 0.052646829276600485, 
     0.00003199030530855299, 0.00001965513777261377, 0.004464369133149866, 
     0.000105238166955423, 0.00016250497778099132, 0.0002035929219584855, 
     0.0000248697459618091, 0.0005064386496612834, 0.00006704747523994199, 
     0.0001941114776805891, 0.00006193951800003497, 0.00007776599366807824, 
     0.0011291261930673228, 0.001529547019159755, 0.00043326553665123637, 
     0.00004783719459939753, 0.00004584472089337627, 0.00024762204176483185, 
     0.00005438931846609892, 0.00012092842679043882, 0.00005261591800134464, 
     0.002146254241396561, 0.00010013422557684847, 0.00008928186286384811, 
     0.00042142265720223796, 0.00002391138787252859, 0.0004218209906946689, 
     0.000014636690896158078, 0.0007009361449093544, 0.00001895263133141024, 
     0.00005736454544301632, 0.0000998848454853573, 0.00016886660408070944, 
     0.00014576380697986117, 0.00003386466150711765, 0.000110599654749443, 
     0.00025376767556239364, 0.0004403796278567807, 0.00003264815993702993, 
     0.00006716245723378384, 0.0016302019029451082, 0.00043193060640938296, 
     0.00029514568149892996, 0.00008099359210880588, 0.00010146139361990812, 
     0.000043270742252598344, 0.00014025079322877246, 0.0006993821085077339, 
     0.0004874370433731019, 0.000027259111526946005, 0.0005641756653962138, 
     0.000018415870375090854, 0.000016808560496686745, 0.0070089443114177506, 
     0.00007125500292128364, 0.0017898512911216, 0.0006481949351670156, 
     0.0018728446503422746, 0.0015958409925162724, 0.00001901717492690774, 
     0.0003118571712173615, 0.02300904109325644, 0.00003352925205896026, 
     0.0004647788669132236, 0.000025354040788294063, 0.000030078818587987534, 
     0.0007435335080338918, 0.000033324007957175956, 0.0002399049827242166, 
     0.00022364029611997386, 0.000045137581669168335, 0.0009937412987520236, 
     0.00006717793668390921, 0.002017990547591693, 0.000023247541767175012, 
     0.00016863631137016235, 0.00001863789946597021, 0.00013905730566469445, 
     0.0013428804785778478, 0.000020958710788501867, 0.00010273836004011491, 
     0.000025088910519703228, 0.00017083403620505856, 0.001698152938064164, 
     0.00003380799144137348, 0.000474793161864371, 0.00018237748935162393, 
     0.00005210965537735781, 0.000029305564574645675, 0.0033408229988601146, 
     0.0000995953084908541, 0.00005306196420302508, 0.00006564454725135748, 
     0.00041951761423622986, 0.00004348814216449567, 0.0001736671682936921, 
     0.011762141222089078, 0.00015524479059002134, 0.0000653120549604678, 
     0.0019572505921791818, 0.000015812419429004393, 0.000013264430816651783, 
     0.0000765527562525489, 0.00012434512571069442, 0.000035409952506493336, 
     0.00004276494701970664, 0.000010862205325714485, 0.0007068186516743755, 
     0.00033815590818327736, 0.000016708596251651947, 
     0.000053206758377652186, 0.001124146718748213, 0.0000968952596752802, 
     0.00010548048436835731, 0.000034967441638834775, 0.0006530263422472721, 
     0.009344565553396487, 0.0002624114566195171, 0.0001238945629944918, 
     0.000012144733866863458, 0.00020698868333591828, 0.00045731250530510736, 
     0.00012159420829871754, 0.0013070044544526243, 0.00005156182599790979, 
     0.00008425453610735966, 0.0028254841537910156, 0.00038471278939382315, 
     0.0000609154559476473, 0.0039324005520684595, 0.00047652143856462113, 
     0.00004759477282088086, 0.00033247736723530344, 0.00003684833795155835, 
     0.00012741639806680997, 0.00003904453369056037, 0.000055382582685986876, 
     0.0001974110588652466, 0.0004459026718826291, 0.00010346519524944846, 
     0.0032207460210772264, 0.00009445315988236909, 0.006729319316634934, 
     0.00003159573562768934, 0.00009375815392081418, 0.00019055390879343416, 
     0.0002410485068803505, 0.000044524533125745084, 0.0008668262701361472, 
     0.0030175420095044643, 0.00007833466196378583, 0.0001294244429154008, 
     0.0005652149883707443, 0.0001350796771607619, 0.00003200371998180944, 
     0.009144442127038993, 0.0006682578776347885, 0.0002775705495604356, 
     0.000038234640037506996, 0.00008822810245618542, 0.00021378235702427034, 
     0.0028629231265792704, 0.0008750467713808481, 0.00004587773608942205, 
     0.00016519322340923054, 0.00003359532676261417, 0.0008613796870672612, 
     0.00038396462923668325, 0.00002029055995260364, 0.000163858150867708, 
     0.00004430021446208467, 0.00008522009006592966, 0.00014163701315573622, 
     0.0001464394609895555, 0.000015290009658136403, 0.000034699542756067176, 
     0.00003997064017205869, 0.007040286863714501, 0.00029178892084906683, 
     0.00005067862445911244, 0.0003822002345851014, 0.00009360177554262428, 
     0.00004051630826767746, 0.004231977395811822, 0.00007729532873139368, 
     0.000056005842594408095, 0.000049254544182150445, 
     0.00007797032380430295, 0.0015785333023998031, 0.005066049580102476, 
     0.00001799717360705868, 0.00033713329340273867, 0.0003663876837938373, 
     0.00007305978501183148, 0.000307453127292256, 0.0028236818751914967, 
     0.00005946255383216981, 0.000050002292081514126, 
     0.000041924431571298155, 0.00015993198892363136, 0.0012107561999617014, 
     0.00011748006878466566, 0.00005007836415931662, 0.0005086527294828931, 
     0.0004925027477400507, 0.0026081991905125505, 0.0001239070673442712, 
     0.0000259057299674515, 0.0007389280857851637, 0.0004696837269724896, 
     0.000012217668252824743, 0.000053396034276901055, 
     0.00012916028132364788, 0.00008827735080482128, 0.0005677845082945343, 
     0.00031647942389154935, 0.0010446227520374799, 0.07249870098757014, 
     0.0005223625222589178, 0.000019796641655407943, 0.000043752556243117536, 
     0.00023293752632107126, 0.0022891641545850503, 0.000034163464466894346, 
     0.002068599906015757, 0.00007284332322154092, 0.00004794319859494136, 
     0.0002092642252472197, 0.000026423774619399305, 0.0003685146125142493, 
     0.00023189396967677285, 0.04708916099883844, 0.0000818094674923551, 
     0.0006732720050972959, 0.00008239693654566414, 0.00022674286823397044, 
     0.0001928256034603126, 0.006970299514151631, 0.00013235768848570906, 
     0.00014157800757141147, 0.000043367775783526666, 
     0.000056236724391560945, 0.000019907517272041364, 
     0.000045521811506889044, 0.00011708018358463089, 0.0017726494351422283, 
     0.00007443501445935842, 0.0008199103976562085, 0.00018947431904539933, 
     0.0002610640589884612, 0.000017082241732085768, 0.000025799409563684685, 
     0.00019472318294138386, 0.00002463954486770362, 0.00005253929227717167, 
     0.03982865420441562, 0.0006751521915786117, 0.000012884029517362988, 
     0.0016469241085803367, 0.000056228301746174106, 0.0000842421417194536, 
     0.00004409900849820692, 0.004082550281000611, 0.0011960704897933262, 
     0.0004773627222372452, 0.00006018113738381037, 0.0008780232675056203, 
     0.0018852901819157938, 0.00020062486094963024, 0.00006707209022355496, 
     0.00006075832649429637, 0.0003450083293266255, 0.00008235270183275543, 
     0.000639471778192276, 0.00013350919197175677, 0.00023816631663593424, 
     0.0007349783611610214, 0.00009305766309155779, 0.00003281409957172144, 
     0.00014558034567514278, 0.00005384100698501621, 0.00015461355183838383, 
     0.00002119924601229994, 0.000018400934268414148, 0.00012768804070379406, 
     0.0000956722051751553, 0.00028609543206938536, 0.005465348870864409, 
     0.000037610568224438375, 0.00014794644970352676, 
     0.000021258645660141832, 0.0003780998210166118, 0.0027901092969064953, 
     0.000047611344919614695, 0.0008104370198920862, 0.0010987749437550622, 
     0.0056733049488686665, 0.000011925321846980443, 0.00016665216253585884, 
     0.0005571898778793493, 0.0001979467041017463, 0.000012064794472820368, 
     0.00021074991240723954, 0.023320245393560503, 0.0012603915844806538, 
     0.00009463799818405868, 0.3264820710444945, 0.00011142990669689995, 
     0.00006663184384647755, 0.00019760997654885156, 0.0024347759430013174, 
     0.0010740093968760116, 0.0001672951169896089, 0.000022409508762922275, 
     0.000022154946678096135, 0.000023499732689652307, 
     0.000014533432012097141, 0.00043077624629523075, 0.0000310605774549789, 
     0.00006760711689827531, 0.0016751360704404708, 0.0003689278057260662, 
     0.00021100207418201002, 0.0006946658699846118, 0.000323587406592449, 
     0.00009667635140218627, 0.0003982008776994739, 0.0007020739178906581, 
     0.0002561735664407334, 0.0014040374121352438, 0.00023139474490700256, 
     0.0003275454667672811, 0.0014210799746500657, 0.00014970673124161215, 
     0.00006417938394344466, 0.0015349251694676761, 0.00006077043418898567, 
     0.0001953170113504239, 0.0008480495094079039, 0.000020463409986158227, 
     0.00006275289671908672, 0.00007800027322743936, 0.00012229386632566126, 
     0.00043226478509061277, 0.00007264580182527174, 0.0006583356664988249, 
     0.00004222588700868074, 0.000025817987117865106, 0.004781459904263891, 
     0.00027089878195158974, 0.00002170779465735421, 0.0012110724247727878, 
     0.00002453610021597946, 0.0004998639843096161, 0.0001925821679539354, 
     0.0013612837943800292, 0.000021092474118612494, 0.00004015212900988321, 
     0.00036505887057989, 0.0003066665432784452, 0.00038703902050759935, 
     0.00004146183618866315, 0.0005099398840291423, 0.000025680366337881645, 
     0.001650443215221015, 0.00001814557476174163, 0.000085484680217596, 
     0.000222346516236824, 0.0008036666501107799, 0.000414279090263012, 
     0.0002118022608223729, 0.000712634833096499, 0.0005719518346452695, 
     0.000012463886776169367, 0.0003934855574383713, 0.00003218687812579119, 
     0.000109923517284211, 0.00015546192443511393, 0.00019257628014977273, 
     0.00002461552970972293, 0.00035187824194005444, 0.00020631383358422374, 
     0.0001338196949504914, 0.00011384900561236119, 0.00003142009927676819, 
     0.00002819130846499269, 0.000012079577251078605, 0.00042231666425045087, 
     0.00011589852503788454, 0.00006786640048554036, 0.00036309152736424923, 
     0.0000373371621728768, 0.00014219421793041048, 0.0008128914333163352, 
     0.0001969833752333066, 0.00002819529415761089, 0.00004182509628611922, 
     0.00004594378462949846, 0.00046049101426480797, 0.000722098598677816, 
     0.00011412850351369064, 0.0001052166385921453, 0.0009371098080104666, 
     0.00002165252860538391, 0.000034151055466497727, 0.0001458149374100421, 
     0.00006716751794038393, 0.0018538849355525246, 0.00046407277436933623, 
     0.00025470089211639645, 0.0001971122329963585, 0.00003246752242644942, 
     0.0003499155237653575, 0.000035190125977247, 0.000022273731459375906, 
     0.000013045307050382627, 0.00009323583663411315, 0.00002442567412607397, 
     0.00043808436924019884, 0.0006178026990425514, 0.00006418768319132929, 
     0.0000163716854268571, 0.0016710925653995695, 0.0005170952215114651, 
     0.00006638612748861714, 0.00011558486735069614, 0.000021576967988702545, 
     0.00003716313075763373, 0.00010257172337925696, 0.00038593399956544493, 
     0.0011273810434828226, 0.0001597034357482651, 0.00003605720427399816, 
     0.00003690186333922633, 0.0004350036045272232, 0.0044022535413482285, 
     0.003802084466370295, 0.00027055577960787756, 0.00012704259949146524, 
     0.0013854142003472997, 0.00006977433867837701, 0.00005569237594470163, 
     0.00009886482371875099, 0.00019014737979951217, 0.00025175984293310716, 
     0.0004940149755352299, 0.01010547228399757, 0.0009423699191473894, 
     0.00004578501240556955, 0.000014634464403791609, 
     0.000019990195855191423, 0.00003614197049122999, 0.00011943278316775339, 
     0.00007990923583821401, 0.001404154934277585, 0.0022838392783312753, 
     0.001575107132958797, 0.000044758258422299484, 0.000010276681114255357, 
     0.00002282900849628964, 0.0003890255973060682, 0.000017660814463545584, 
     0.00006239427842028193, 0.0007303892814867519, 0.00013958942550872263, 
     0.00006563263924016819, 0.000355044371426286, 0.00001625766227694649, 
     0.000058378360174108165, 0.00003344522917882837, 0.00005942555007045205, 
     0.00007785792453706691, 0.0032107558001597315, 0.001401995658854741, 
     0.00237454640030917, 0.0185225188726116, 0.00005318149368545056, 
     0.00004503914266206724, 0.00020738293281865263, 0.000019994413044355048, 
     0.0011066364887799746, 0.0013236315872352446, 0.0004171437869924819, 
     0.000028071697815844062, 0.00004992308783862571, 0.0006559237132561835, 
     0.000029642789836010904, 0.00008628332728456723, 0.00019562168595159833, 
     0.0010991598138420425, 0.00004662738313183886, 0.0000489854862769867, 
     0.000034843866130193274, 0.00027695321665742727}
